-------------------------------------------------------------------------------
Test set: CalculatorTest
-------------------------------------------------------------------------------
Tests run: 21, Failures: 1, Errors: 0, Skipped: 1, Time elapsed: 0.639 sec <<< FAILURE! - in CalculatorTest
shouldRandomBeingCalled1Time()  Time elapsed: 0.484 sec  <<< FAILURE!
org.opentest4j.AssertionFailedError: expected: <false> but was: <true>
	at CalculatorTest.shouldRandomBeingCalled1Time(CalculatorTest.java:118)

